build/outputs/logs/manifest-merger-debug-report.txt
-- Merging decision tree log ---
manifest
ADDED from src\main\AndroidManifest.xml:1:1-46:12
INJECTED from src\main\AndroidManifest.xml:1:1-46:12
INJECTED from src\main\AndroidManifest.xml:1:1-46:12
INJECTED from src\main\AndroidManifest.xml:1:1-46:12
INJECTED from src\main\AndroidManifest.xml:1:1-46:12
INJECTED from src\main\AndroidManifest.xml:1:1-46:12
INJECTED from src\main\AndroidManifest.xml:1:1-46:12
	package
		ADDED from src\main\AndroidManifest.xml:2:5-31
		INJECTED from src\main\AndroidManifest.xml
		INJECTED from src\main\AndroidManifest.xml
	android:versionName
		INJECTED from src\main\AndroidManifest.xml
		ADDED from src\main\AndroidManifest.xml:1:1-46:12
		INJECTED from src\main\AndroidManifest.xml
	android:versionCode
		INJECTED from src\main\AndroidManifest.xml
		ADDED from src\main\AndroidManifest.xml:1:1-46:12
		INJECTED from src\main\AndroidManifest.xml
	xmlns:android
		ADDED from src\main\AndroidManifest.xml:1:11-69
uses-permission#android.permission.MOUNT_UNMOUNT_FILESYSTEMS
ADDED from src\main\AndroidManifest.xml:4:5-84
	android:name
		ADDED from src\main\AndroidManifest.xml:4:22-81
uses-permission#android.permission.WRITE_EXTERNAL_STORAGE
ADDED from src\main\AndroidManifest.xml:6:5-81
	android:name
		ADDED from src\main\AndroidManifest.xml:6:22-78
uses-permission#android.permission.READ_EXTERNAL_STORAGE
ADDED from src\main\AndroidManifest.xml:8:5-80
	android:name
		ADDED from src\main\AndroidManifest.xml:8:22-77
uses-permission#android.permission.CAMERA
ADDED from src\main\AndroidManifest.xml:10:5-65
	android:name
		ADDED from src\main\AndroidManifest.xml:10:22-62
application
ADDED from src\main\AndroidManifest.xml:11:5-45:19
	android:allowBackup
		ADDED from src\main\AndroidManifest.xml:11:18-44
activity#com.library.okgo.permission.PermissionActivity
ADDED from src\main\AndroidManifest.xml:12:9-83
	android:name
		ADDED from src\main\AndroidManifest.xml:12:19-80
activity#com.lzy.ninegrid.preview.ImagePreviewActivity
ADDED from src\main\AndroidManifest.xml:13:9-15:75
	android:theme
		ADDED from src\main\AndroidManifest.xml:15:13-72
	android:name
		ADDED from src\main\AndroidManifest.xml:14:13-73
activity#com.lzy.imagepicker.ui.ImageBaseActivity
ADDED from src\main\AndroidManifest.xml:16:9-77
	android:name
		ADDED from src\main\AndroidManifest.xml:16:19-74
activity#com.lzy.imagepicker.ui.ImageGridActivity
ADDED from src\main\AndroidManifest.xml:17:9-20:55
	android:configChanges
		ADDED from src\main\AndroidManifest.xml:19:13-59
	android:theme
		ADDED from src\main\AndroidManifest.xml:20:13-52
	android:name
		ADDED from src\main\AndroidManifest.xml:18:13-68
activity#com.lzy.imagepicker.ui.ImageCropActivity
ADDED from src\main\AndroidManifest.xml:21:9-25:55
	android:hardwareAccelerated
		ADDED from src\main\AndroidManifest.xml:24:13-48
	android:configChanges
		ADDED from src\main\AndroidManifest.xml:23:13-59
	android:theme
		ADDED from src\main\AndroidManifest.xml:25:13-52
	android:name
		ADDED from src\main\AndroidManifest.xml:22:13-68
activity#com.lzy.imagepicker.ui.ImagePreviewActivity
ADDED from src\main\AndroidManifest.xml:26:9-29:65
	android:configChanges
		ADDED from src\main\AndroidManifest.xml:28:13-59
	android:theme
		ADDED from src\main\AndroidManifest.xml:29:13-62
	android:name
		ADDED from src\main\AndroidManifest.xml:27:13-71
activity#com.lzy.imagepicker.ui.ImagePreviewDelActivity
ADDED from src\main\AndroidManifest.xml:31:9-34:65
	android:configChanges
		ADDED from src\main\AndroidManifest.xml:33:13-59
	android:theme
		ADDED from src\main\AndroidManifest.xml:34:13-62
	android:name
		ADDED from src\main\AndroidManifest.xml:32:13-74
provider#com.lzy.imagepicker.ImagePickerProvider
ADDED from src\main\AndroidManifest.xml:36:9-44:20
	android:grantUriPermissions
		ADDED from src\main\AndroidManifest.xml:40:13-47
	android:authorities
		ADDED from src\main\AndroidManifest.xml:38:13-60
	android:exported
		ADDED from src\main\AndroidManifest.xml:39:13-37
	android:name
		ADDED from src\main\AndroidManifest.xml:37:13-67
meta-data#android.support.FILE_PROVIDER_PATHS
ADDED from src\main\AndroidManifest.xml:41:13-43:58
	android:resource
		ADDED from src\main\AndroidManifest.xml:43:17-55
	android:name
		ADDED from src\main\AndroidManifest.xml:42:17-67
uses-sdk
INJECTED from src\main\AndroidManifest.xml reason: use-sdk injection requested
INJECTED from src\main\AndroidManifest.xml
INJECTED from src\main\AndroidManifest.xml
INJECTED from src\main\AndroidManifest.xml
INJECTED from src\main\AndroidManifest.xml
	android:targetSdkVersion
		INJECTED from src\main\AndroidManifest.xml
		ADDED from src\main\AndroidManifest.xml
		INJECTED from src\main\AndroidManifest.xml
	android:minSdkVersion
		INJECTED from src\main\AndroidManifest.xml
		ADDED from src\main\AndroidManifest.xml
		INJECTED from src\main\AndroidManifest.xml